<?xml version="1.0" encoding="UTF-8"?>
<testng-results skipped="0" failed="0" total="1" passed="1">
  <reporter-output>
  </reporter-output>
  <suite name="Suite" duration-ms="24207" started-at="2016-09-17T12:17:45Z" finished-at="2016-09-17T12:18:09Z">
    <groups>
    </groups>
    <test name="Test" duration-ms="24207" started-at="2016-09-17T12:17:45Z" finished-at="2016-09-17T12:18:09Z">
      <class name="com.dem1.test1">
        <test-method status="PASS" signature="login()[pri:0, instance:com.dem1.test1@1753acfe]" name="login" duration-ms="24186" started-at="2016-09-17T17:47:45Z" finished-at="2016-09-17T17:48:09Z">
          <reporter-output>
          </reporter-output>
        </test-method> <!-- login -->
      </class> <!-- com.dem1.test1 -->
    </test> <!-- Test -->
  </suite> <!-- Suite -->
</testng-results>
